{"E:\\College\\SEMESTER 6\\CCP555\\Assignment 1\\fragments-repo\\src\\app.js": {"path":"E:\\College\\SEMESTER 6\\CCP555\\Assignment 1\\fragments-repo\\src\\app.js","statementMap":{"0":{"start":{"line":1,"column":0},"end":{"line":1,"column":27}},"1":{"start":{"line":2,"column":16},"end":{"line":2,"column":34}},"2":{"start":{"line":3,"column":12},"end":{"line":3,"column":21}},"3":{"start":{"line":4,"column":28},"end":{"line":4,"column":54}},"4":{"start":{"line":6,"column":0},"end":{"line":9,"column":3}},"5":{"start":{"line":7,"column":2},"end":{"line":7,"column":45}},"6":{"start":{"line":8,"column":2},"end":{"line":8,"column":9}},"7":{"start":{"line":11,"column":0},"end":{"line":18,"column":3}},"8":{"start":{"line":12,"column":2},"end":{"line":17,"column":5}},"9":{"start":{"line":21,"column":0},"end":{"line":21,"column":34}},"10":{"start":{"line":23,"column":0},"end":{"line":23,"column":21}}},"fnMap":{"0":{"name":"(anonymous_0)","decl":{"start":{"line":6,"column":8},"end":{"line":6,"column":9}},"loc":{"start":{"line":6,"column":28},"end":{"line":9,"column":1}},"line":6},"1":{"name":"(anonymous_1)","decl":{"start":{"line":11,"column":13},"end":{"line":11,"column":14}},"loc":{"start":{"line":11,"column":27},"end":{"line":18,"column":1}},"line":11}},"branchMap":{},"s":{"0":3,"1":3,"2":3,"3":3,"4":3,"5":10,"6":10,"7":3,"8":4,"9":3,"10":3},"f":{"0":10,"1":4},"b":{},"_coverageSchema":"1a1c01bbd47fc00a2c39e90264f33305004495a9","hash":"90e8999e1171aa88dc2f1dda02a0c7fb367a1d7a"}
,"E:\\College\\SEMESTER 6\\CCP555\\Assignment 1\\fragments-repo\\src\\hash.js": {"path":"E:\\College\\SEMESTER 6\\CCP555\\Assignment 1\\fragments-repo\\src\\hash.js","statementMap":{"0":{"start":{"line":16,"column":15},"end":{"line":16,"column":32}},"1":{"start":{"line":22,"column":0},"end":{"line":22,"column":84}},"2":{"start":{"line":22,"column":28},"end":{"line":22,"column":83}}},"fnMap":{"0":{"name":"(anonymous_0)","decl":{"start":{"line":22,"column":17},"end":{"line":22,"column":18}},"loc":{"start":{"line":22,"column":28},"end":{"line":22,"column":83}},"line":22}},"branchMap":{},"s":{"0":1,"1":1,"2":3},"f":{"0":3},"b":{},"_coverageSchema":"1a1c01bbd47fc00a2c39e90264f33305004495a9","hash":"e5c043ec3027587136761595319dc943d9851534"}
,"E:\\College\\SEMESTER 6\\CCP555\\Assignment 1\\fragments-repo\\src\\logger.js": {"path":"E:\\College\\SEMESTER 6\\CCP555\\Assignment 1\\fragments-repo\\src\\logger.js","statementMap":{"0":{"start":{"line":1,"column":13},"end":{"line":1,"column":28}},"1":{"start":{"line":2,"column":15},"end":{"line":10,"column":2}},"2":{"start":{"line":12,"column":0},"end":{"line":12,"column":24}}},"fnMap":{},"branchMap":{"0":{"loc":{"start":{"line":3,"column":9},"end":{"line":3,"column":40}},"type":"binary-expr","locations":[{"start":{"line":3,"column":9},"end":{"line":3,"column":30}},{"start":{"line":3,"column":34},"end":{"line":3,"column":40}}],"line":3}},"s":{"0":3,"1":3,"2":3},"f":{},"b":{"0":[3,0]},"_coverageSchema":"1a1c01bbd47fc00a2c39e90264f33305004495a9","hash":"41327ed36c98e13cce84408215112f182fcda1b8"}
,"E:\\College\\SEMESTER 6\\CCP555\\Assignment 1\\fragments-repo\\src\\response.js": {"path":"E:\\College\\SEMESTER 6\\CCP555\\Assignment 1\\fragments-repo\\src\\response.js","statementMap":{"0":{"start":{"line":3,"column":0},"end":{"line":8,"column":2}},"1":{"start":{"line":4,"column":2},"end":{"line":7,"column":4}},"2":{"start":{"line":10,"column":0},"end":{"line":18,"column":2}},"3":{"start":{"line":11,"column":2},"end":{"line":17,"column":4}}},"fnMap":{"0":{"name":"(anonymous_0)","decl":{"start":{"line":3,"column":39},"end":{"line":3,"column":40}},"loc":{"start":{"line":3,"column":60},"end":{"line":8,"column":1}},"line":3},"1":{"name":"(anonymous_1)","decl":{"start":{"line":10,"column":37},"end":{"line":10,"column":38}},"loc":{"start":{"line":10,"column":62},"end":{"line":18,"column":1}},"line":10}},"branchMap":{"0":{"loc":{"start":{"line":3,"column":49},"end":{"line":3,"column":58}},"type":"default-arg","locations":[{"start":{"line":3,"column":56},"end":{"line":3,"column":58}}],"line":3}},"s":{"0":4,"1":3,"2":4,"3":2},"f":{"0":3,"1":2},"b":{"0":[1]},"_coverageSchema":"1a1c01bbd47fc00a2c39e90264f33305004495a9","hash":"c0277c9d72dd02f86ddc5e8857c340a297491e7d"}
,"E:\\College\\SEMESTER 6\\CCP555\\Assignment 1\\fragments-repo\\src\\auth\\basic-auth.js": {"path":"E:\\College\\SEMESTER 6\\CCP555\\Assignment 1\\fragments-repo\\src\\auth\\basic-auth.js","statementMap":{"0":{"start":{"line":3,"column":13},"end":{"line":3,"column":33}},"1":{"start":{"line":4,"column":17},"end":{"line":4,"column":36}},"2":{"start":{"line":5,"column":21},"end":{"line":5,"column":50}},"3":{"start":{"line":6,"column":15},"end":{"line":6,"column":35}},"4":{"start":{"line":7,"column":11},"end":{"line":7,"column":24}},"5":{"start":{"line":9,"column":0},"end":{"line":11,"column":1}},"6":{"start":{"line":10,"column":2},"end":{"line":10,"column":61}},"7":{"start":{"line":14,"column":0},"end":{"line":16,"column":1}},"8":{"start":{"line":15,"column":2},"end":{"line":15,"column":80}},"9":{"start":{"line":19,"column":0},"end":{"line":19,"column":69}},"10":{"start":{"line":20,"column":0},"end":{"line":20,"column":46}},"11":{"start":{"line":24,"column":0},"end":{"line":36,"column":1}},"12":{"start":{"line":25,"column":2},"end":{"line":29,"column":4}},"13":{"start":{"line":32,"column":2},"end":{"line":32,"column":25}},"14":{"start":{"line":34,"column":2},"end":{"line":34,"column":62}},"15":{"start":{"line":35,"column":2},"end":{"line":35,"column":14}},"16":{"start":{"line":38,"column":0},"end":{"line":38,"column":41}},"17":{"start":{"line":38,"column":32},"end":{"line":38,"column":40}},"18":{"start":{"line":40,"column":0},"end":{"line":54,"column":4}},"19":{"start":{"line":41,"column":2},"end":{"line":54,"column":3}},"20":{"start":{"line":42,"column":4},"end":{"line":53,"column":23}},"21":{"start":{"line":43,"column":6},"end":{"line":46,"column":7}},"22":{"start":{"line":44,"column":8},"end":{"line":44,"column":53}},"23":{"start":{"line":45,"column":8},"end":{"line":45,"column":72}},"24":{"start":{"line":47,"column":6},"end":{"line":50,"column":7}},"25":{"start":{"line":48,"column":8},"end":{"line":48,"column":49}},"26":{"start":{"line":49,"column":8},"end":{"line":49,"column":63}},"27":{"start":{"line":51,"column":6},"end":{"line":51,"column":22}},"28":{"start":{"line":52,"column":6},"end":{"line":52,"column":13}}},"fnMap":{"0":{"name":"(anonymous_0)","decl":{"start":{"line":38,"column":26},"end":{"line":38,"column":27}},"loc":{"start":{"line":38,"column":32},"end":{"line":38,"column":40}},"line":38},"1":{"name":"(anonymous_1)","decl":{"start":{"line":40,"column":30},"end":{"line":40,"column":31}},"loc":{"start":{"line":41,"column":2},"end":{"line":54,"column":3}},"line":41},"2":{"name":"(anonymous_2)","decl":{"start":{"line":41,"column":2},"end":{"line":41,"column":3}},"loc":{"start":{"line":41,"column":22},"end":{"line":54,"column":3}},"line":41},"3":{"name":"(anonymous_3)","decl":{"start":{"line":42,"column":54},"end":{"line":42,"column":55}},"loc":{"start":{"line":42,"column":69},"end":{"line":53,"column":5}},"line":42}},"branchMap":{"0":{"loc":{"start":{"line":9,"column":0},"end":{"line":11,"column":1}},"type":"if","locations":[{"start":{"line":9,"column":0},"end":{"line":11,"column":1}},{"start":{},"end":{}}],"line":9},"1":{"loc":{"start":{"line":14,"column":0},"end":{"line":16,"column":1}},"type":"if","locations":[{"start":{"line":14,"column":0},"end":{"line":16,"column":1}},{"start":{},"end":{}}],"line":14},"2":{"loc":{"start":{"line":43,"column":6},"end":{"line":46,"column":7}},"type":"if","locations":[{"start":{"line":43,"column":6},"end":{"line":46,"column":7}},{"start":{},"end":{}}],"line":43},"3":{"loc":{"start":{"line":47,"column":6},"end":{"line":50,"column":7}},"type":"if","locations":[{"start":{"line":47,"column":6},"end":{"line":50,"column":7}},{"start":{},"end":{}}],"line":47}},"s":{"0":3,"1":3,"2":3,"3":3,"4":3,"5":3,"6":0,"7":3,"8":0,"9":3,"10":3,"11":3,"12":3,"13":3,"14":0,"15":0,"16":3,"17":0,"18":3,"19":3,"20":6,"21":6,"22":0,"23":0,"24":6,"25":3,"26":3,"27":3,"28":3},"f":{"0":0,"1":3,"2":6,"3":6},"b":{"0":[0,3],"1":[0,3],"2":[0,6],"3":[3,3]},"_coverageSchema":"1a1c01bbd47fc00a2c39e90264f33305004495a9","hash":"fdcb5a97d054205673757f81074811b7218b69b1"}
,"E:\\College\\SEMESTER 6\\CCP555\\Assignment 1\\fragments-repo\\src\\auth\\index.js": {"path":"E:\\College\\SEMESTER 6\\CCP555\\Assignment 1\\fragments-repo\\src\\auth\\index.js","statementMap":{"0":{"start":{"line":3,"column":0},"end":{"line":11,"column":1}},"1":{"start":{"line":8,"column":2},"end":{"line":10,"column":4}},"2":{"start":{"line":13,"column":0},"end":{"line":19,"column":1}},"3":{"start":{"line":14,"column":2},"end":{"line":14,"column":40}},"4":{"start":{"line":15,"column":7},"end":{"line":19,"column":1}},"5":{"start":{"line":16,"column":2},"end":{"line":16,"column":43}},"6":{"start":{"line":18,"column":2},"end":{"line":18,"column":76}}},"fnMap":{},"branchMap":{"0":{"loc":{"start":{"line":3,"column":0},"end":{"line":11,"column":1}},"type":"if","locations":[{"start":{"line":3,"column":0},"end":{"line":11,"column":1}},{"start":{},"end":{}}],"line":3},"1":{"loc":{"start":{"line":4,"column":2},"end":{"line":6,"column":27}},"type":"binary-expr","locations":[{"start":{"line":4,"column":2},"end":{"line":4,"column":33}},{"start":{"line":5,"column":2},"end":{"line":5,"column":35}},{"start":{"line":6,"column":2},"end":{"line":6,"column":27}}],"line":4},"2":{"loc":{"start":{"line":13,"column":0},"end":{"line":19,"column":1}},"type":"if","locations":[{"start":{"line":13,"column":0},"end":{"line":19,"column":1}},{"start":{"line":15,"column":7},"end":{"line":19,"column":1}}],"line":13},"3":{"loc":{"start":{"line":13,"column":4},"end":{"line":13,"column":72}},"type":"binary-expr","locations":[{"start":{"line":13,"column":4},"end":{"line":13,"column":35}},{"start":{"line":13,"column":39},"end":{"line":13,"column":72}}],"line":13},"4":{"loc":{"start":{"line":15,"column":7},"end":{"line":19,"column":1}},"type":"if","locations":[{"start":{"line":15,"column":7},"end":{"line":19,"column":1}},{"start":{"line":17,"column":7},"end":{"line":19,"column":1}}],"line":15},"5":{"loc":{"start":{"line":15,"column":11},"end":{"line":15,"column":77}},"type":"binary-expr","locations":[{"start":{"line":15,"column":11},"end":{"line":15,"column":36}},{"start":{"line":15,"column":40},"end":{"line":15,"column":77}}],"line":15}},"s":{"0":3,"1":0,"2":3,"3":0,"4":3,"5":3,"6":0},"f":{},"b":{"0":[0,3],"1":[3,0,0],"2":[0,3],"3":[3,0],"4":[3,0],"5":[3,3]},"_coverageSchema":"1a1c01bbd47fc00a2c39e90264f33305004495a9","hash":"8fa82413e00bddd878d004e56063bae28de3139d"}
,"E:\\College\\SEMESTER 6\\CCP555\\Assignment 1\\fragments-repo\\src\\model\\fragment.js": {"path":"E:\\College\\SEMESTER 6\\CCP555\\Assignment 1\\fragments-repo\\src\\model\\fragment.js","statementMap":{"0":{"start":{"line":1,"column":23},"end":{"line":1,"column":40}},"1":{"start":{"line":2,"column":20},"end":{"line":2,"column":43}},"2":{"start":{"line":11,"column":4},"end":{"line":11,"column":27}},"3":{"start":{"line":13,"column":23},"end":{"line":25,"column":1}},"4":{"start":{"line":29,"column":2},"end":{"line":29,"column":55}},"5":{"start":{"line":29,"column":16},"end":{"line":29,"column":55}},"6":{"start":{"line":30,"column":2},"end":{"line":30,"column":49}},"7":{"start":{"line":30,"column":13},"end":{"line":30,"column":49}},"8":{"start":{"line":31,"column":2},"end":{"line":31,"column":84}},"9":{"start":{"line":31,"column":39},"end":{"line":31,"column":84}},"10":{"start":{"line":32,"column":2},"end":{"line":32,"column":73}},"11":{"start":{"line":32,"column":32},"end":{"line":32,"column":73}},"12":{"start":{"line":33,"column":2},"end":{"line":33,"column":61}},"13":{"start":{"line":33,"column":16},"end":{"line":33,"column":61}},"14":{"start":{"line":35,"column":2},"end":{"line":35,"column":15}},"15":{"start":{"line":36,"column":2},"end":{"line":36,"column":25}},"16":{"start":{"line":37,"column":2},"end":{"line":37,"column":25}},"17":{"start":{"line":38,"column":2},"end":{"line":38,"column":25}},"18":{"start":{"line":39,"column":2},"end":{"line":39,"column":19}},"19":{"start":{"line":40,"column":2},"end":{"line":40,"column":19}},"20":{"start":{"line":45,"column":4},"end":{"line":50,"column":5}},"21":{"start":{"line":46,"column":23},"end":{"line":46,"column":47}},"22":{"start":{"line":47,"column":6},"end":{"line":47,"column":43}},"23":{"start":{"line":49,"column":6},"end":{"line":49,"column":19}},"24":{"start":{"line":54,"column":4},"end":{"line":54,"column":45}},"25":{"start":{"line":58,"column":4},"end":{"line":58,"column":45}},"26":{"start":{"line":62,"column":26},"end":{"line":74,"column":5}},"27":{"start":{"line":75,"column":4},"end":{"line":75,"column":46}},"28":{"start":{"line":79,"column":20},"end":{"line":79,"column":56}},"29":{"start":{"line":80,"column":4},"end":{"line":80,"column":72}},"30":{"start":{"line":80,"column":42},"end":{"line":80,"column":60}},"31":{"start":{"line":84,"column":15},"end":{"line":84,"column":46}},"32":{"start":{"line":85,"column":2},"end":{"line":87,"column":3}},"33":{"start":{"line":86,"column":4},"end":{"line":86,"column":42}},"34":{"start":{"line":88,"column":2},"end":{"line":88,"column":28}},"35":{"start":{"line":93,"column":4},"end":{"line":93,"column":39}},"36":{"start":{"line":97,"column":4},"end":{"line":97,"column":44}},"37":{"start":{"line":98,"column":4},"end":{"line":98,"column":31}},"38":{"start":{"line":102,"column":4},"end":{"line":102,"column":51}},"39":{"start":{"line":106,"column":4},"end":{"line":108,"column":5}},"40":{"start":{"line":107,"column":6},"end":{"line":107,"column":47}},"41":{"start":{"line":110,"column":4},"end":{"line":110,"column":28}},"42":{"start":{"line":111,"column":4},"end":{"line":111,"column":44}},"43":{"start":{"line":113,"column":4},"end":{"line":113,"column":57}},"44":{"start":{"line":114,"column":4},"end":{"line":114,"column":30}},"45":{"start":{"line":118,"column":0},"end":{"line":118,"column":35}}},"fnMap":{"0":{"name":"(anonymous_0)","decl":{"start":{"line":28,"column":2},"end":{"line":28,"column":3}},"loc":{"start":{"line":28,"column":134},"end":{"line":41,"column":1}},"line":28},"1":{"name":"(anonymous_1)","decl":{"start":{"line":44,"column":2},"end":{"line":44,"column":3}},"loc":{"start":{"line":44,"column":32},"end":{"line":51,"column":3}},"line":44},"2":{"name":"(anonymous_2)","decl":{"start":{"line":53,"column":2},"end":{"line":53,"column":3}},"loc":{"start":{"line":53,"column":17},"end":{"line":55,"column":3}},"line":53},"3":{"name":"(anonymous_3)","decl":{"start":{"line":57,"column":2},"end":{"line":57,"column":3}},"loc":{"start":{"line":57,"column":15},"end":{"line":59,"column":3}},"line":57},"4":{"name":"(anonymous_4)","decl":{"start":{"line":61,"column":2},"end":{"line":61,"column":3}},"loc":{"start":{"line":61,"column":16},"end":{"line":76,"column":3}},"line":61},"5":{"name":"(anonymous_5)","decl":{"start":{"line":78,"column":2},"end":{"line":78,"column":3}},"loc":{"start":{"line":78,"column":47},"end":{"line":81,"column":3}},"line":78},"6":{"name":"(anonymous_6)","decl":{"start":{"line":80,"column":32},"end":{"line":80,"column":33}},"loc":{"start":{"line":80,"column":42},"end":{"line":80,"column":60}},"line":80},"7":{"name":"(anonymous_7)","decl":{"start":{"line":83,"column":2},"end":{"line":83,"column":3}},"loc":{"start":{"line":83,"column":33},"end":{"line":89,"column":1}},"line":83},"8":{"name":"(anonymous_8)","decl":{"start":{"line":92,"column":2},"end":{"line":92,"column":3}},"loc":{"start":{"line":92,"column":29},"end":{"line":94,"column":3}},"line":92},"9":{"name":"(anonymous_9)","decl":{"start":{"line":96,"column":2},"end":{"line":96,"column":3}},"loc":{"start":{"line":96,"column":9},"end":{"line":99,"column":3}},"line":96},"10":{"name":"(anonymous_10)","decl":{"start":{"line":101,"column":2},"end":{"line":101,"column":3}},"loc":{"start":{"line":101,"column":12},"end":{"line":103,"column":3}},"line":101},"11":{"name":"(anonymous_11)","decl":{"start":{"line":105,"column":2},"end":{"line":105,"column":3}},"loc":{"start":{"line":105,"column":22},"end":{"line":115,"column":3}},"line":105}},"branchMap":{"0":{"loc":{"start":{"line":28,"column":16},"end":{"line":28,"column":33}},"type":"default-arg","locations":[{"start":{"line":28,"column":21},"end":{"line":28,"column":33}}],"line":28},"1":{"loc":{"start":{"line":28,"column":44},"end":{"line":28,"column":78}},"type":"default-arg","locations":[{"start":{"line":28,"column":54},"end":{"line":28,"column":78}}],"line":28},"2":{"loc":{"start":{"line":28,"column":80},"end":{"line":28,"column":114}},"type":"default-arg","locations":[{"start":{"line":28,"column":90},"end":{"line":28,"column":114}}],"line":28},"3":{"loc":{"start":{"line":28,"column":122},"end":{"line":28,"column":130}},"type":"default-arg","locations":[{"start":{"line":28,"column":129},"end":{"line":28,"column":130}}],"line":28},"4":{"loc":{"start":{"line":29,"column":2},"end":{"line":29,"column":55}},"type":"if","locations":[{"start":{"line":29,"column":2},"end":{"line":29,"column":55}},{"start":{},"end":{}}],"line":29},"5":{"loc":{"start":{"line":30,"column":2},"end":{"line":30,"column":49}},"type":"if","locations":[{"start":{"line":30,"column":2},"end":{"line":30,"column":49}},{"start":{},"end":{}}],"line":30},"6":{"loc":{"start":{"line":31,"column":2},"end":{"line":31,"column":84}},"type":"if","locations":[{"start":{"line":31,"column":2},"end":{"line":31,"column":84}},{"start":{},"end":{}}],"line":31},"7":{"loc":{"start":{"line":32,"column":2},"end":{"line":32,"column":73}},"type":"if","locations":[{"start":{"line":32,"column":2},"end":{"line":32,"column":73}},{"start":{},"end":{}}],"line":32},"8":{"loc":{"start":{"line":33,"column":2},"end":{"line":33,"column":61}},"type":"if","locations":[{"start":{"line":33,"column":2},"end":{"line":33,"column":61}},{"start":{},"end":{}}],"line":33},"9":{"loc":{"start":{"line":75,"column":11},"end":{"line":75,"column":45}},"type":"binary-expr","locations":[{"start":{"line":75,"column":11},"end":{"line":75,"column":39}},{"start":{"line":75,"column":43},"end":{"line":75,"column":45}}],"line":75},"10":{"loc":{"start":{"line":78,"column":31},"end":{"line":78,"column":45}},"type":"default-arg","locations":[{"start":{"line":78,"column":40},"end":{"line":78,"column":45}}],"line":78},"11":{"loc":{"start":{"line":80,"column":11},"end":{"line":80,"column":71}},"type":"cond-expr","locations":[{"start":{"line":80,"column":20},"end":{"line":80,"column":61}},{"start":{"line":80,"column":64},"end":{"line":80,"column":71}}],"line":80},"12":{"loc":{"start":{"line":85,"column":2},"end":{"line":87,"column":3}},"type":"if","locations":[{"start":{"line":85,"column":2},"end":{"line":87,"column":3}},{"start":{},"end":{}}],"line":85},"13":{"loc":{"start":{"line":106,"column":4},"end":{"line":108,"column":5}},"type":"if","locations":[{"start":{"line":106,"column":4},"end":{"line":108,"column":5}},{"start":{},"end":{}}],"line":106}},"s":{"0":4,"1":4,"2":4,"3":4,"4":33,"5":2,"6":31,"7":1,"8":30,"9":1,"10":29,"11":1,"12":28,"13":1,"14":27,"15":27,"16":27,"17":27,"18":27,"19":27,"20":41,"21":41,"22":41,"23":0,"24":4,"25":1,"26":1,"27":1,"28":3,"29":3,"30":1,"31":5,"32":5,"33":1,"34":4,"35":1,"36":7,"37":7,"38":1,"39":9,"40":1,"41":8,"42":8,"43":8,"44":8,"45":4},"f":{"0":33,"1":41,"2":4,"3":1,"4":1,"5":3,"6":1,"7":5,"8":1,"9":7,"10":1,"11":9},"b":{"0":[27],"1":[28],"2":[28],"3":[2],"4":[2,31],"5":[1,30],"6":[1,29],"7":[1,28],"8":[1,27],"9":[1,0],"10":[2],"11":[1,2],"12":[1,4],"13":[1,8]},"_coverageSchema":"1a1c01bbd47fc00a2c39e90264f33305004495a9","hash":"385f8e3cd0ae871fd71fa6dc1c3986ab65765e9b"}
,"E:\\College\\SEMESTER 6\\CCP555\\Assignment 1\\fragments-repo\\src\\model\\data\\index.js": {"path":"E:\\College\\SEMESTER 6\\CCP555\\Assignment 1\\fragments-repo\\src\\model\\data\\index.js","statementMap":{"0":{"start":{"line":2,"column":0},"end":{"line":2,"column":37}}},"fnMap":{},"branchMap":{},"s":{"0":4},"f":{},"b":{},"_coverageSchema":"1a1c01bbd47fc00a2c39e90264f33305004495a9","hash":"9dc24f31a48cbfb5976a47d8f842b5c18fa796f6"}
,"E:\\College\\SEMESTER 6\\CCP555\\Assignment 1\\fragments-repo\\src\\model\\data\\memory\\index.js": {"path":"E:\\College\\SEMESTER 6\\CCP555\\Assignment 1\\fragments-repo\\src\\model\\data\\memory\\index.js","statementMap":{"0":{"start":{"line":1,"column":17},"end":{"line":1,"column":39}},"1":{"start":{"line":4,"column":13},"end":{"line":4,"column":27}},"2":{"start":{"line":5,"column":17},"end":{"line":5,"column":31}},"3":{"start":{"line":11,"column":21},"end":{"line":11,"column":45}},"4":{"start":{"line":12,"column":2},"end":{"line":12,"column":65}},"5":{"start":{"line":20,"column":21},"end":{"line":20,"column":52}},"6":{"start":{"line":21,"column":2},"end":{"line":21,"column":78}},"7":{"start":{"line":26,"column":2},"end":{"line":26,"column":39}},"8":{"start":{"line":31,"column":2},"end":{"line":31,"column":31}},"9":{"start":{"line":36,"column":20},"end":{"line":36,"column":49}},"10":{"start":{"line":37,"column":26},"end":{"line":37,"column":75}},"11":{"start":{"line":37,"column":54},"end":{"line":37,"column":74}},"12":{"start":{"line":40,"column":2},"end":{"line":42,"column":3}},"13":{"start":{"line":41,"column":4},"end":{"line":41,"column":27}},"14":{"start":{"line":45,"column":2},"end":{"line":45,"column":56}},"15":{"start":{"line":45,"column":43},"end":{"line":45,"column":54}},"16":{"start":{"line":50,"column":2},"end":{"line":55,"column":5}},"17":{"start":{"line":58,"column":0},"end":{"line":58,"column":45}},"18":{"start":{"line":59,"column":0},"end":{"line":59,"column":45}},"19":{"start":{"line":60,"column":0},"end":{"line":60,"column":43}},"20":{"start":{"line":61,"column":0},"end":{"line":61,"column":53}},"21":{"start":{"line":62,"column":0},"end":{"line":62,"column":51}},"22":{"start":{"line":63,"column":0},"end":{"line":63,"column":47}}},"fnMap":{"0":{"name":"writeFragment","decl":{"start":{"line":8,"column":9},"end":{"line":8,"column":22}},"loc":{"start":{"line":8,"column":33},"end":{"line":13,"column":1}},"line":8},"1":{"name":"readFragment","decl":{"start":{"line":16,"column":15},"end":{"line":16,"column":27}},"loc":{"start":{"line":16,"column":41},"end":{"line":22,"column":1}},"line":16},"2":{"name":"writeFragmentData","decl":{"start":{"line":25,"column":9},"end":{"line":25,"column":26}},"loc":{"start":{"line":25,"column":48},"end":{"line":27,"column":1}},"line":25},"3":{"name":"readFragmentData","decl":{"start":{"line":30,"column":9},"end":{"line":30,"column":25}},"loc":{"start":{"line":30,"column":39},"end":{"line":32,"column":1}},"line":30},"4":{"name":"listFragments","decl":{"start":{"line":35,"column":15},"end":{"line":35,"column":28}},"loc":{"start":{"line":35,"column":54},"end":{"line":46,"column":1}},"line":35},"5":{"name":"(anonymous_5)","decl":{"start":{"line":37,"column":40},"end":{"line":37,"column":41}},"loc":{"start":{"line":37,"column":54},"end":{"line":37,"column":74}},"line":37},"6":{"name":"(anonymous_6)","decl":{"start":{"line":45,"column":29},"end":{"line":45,"column":30}},"loc":{"start":{"line":45,"column":43},"end":{"line":45,"column":54}},"line":45},"7":{"name":"deleteFragment","decl":{"start":{"line":49,"column":9},"end":{"line":49,"column":23}},"loc":{"start":{"line":49,"column":37},"end":{"line":56,"column":1}},"line":49}},"branchMap":{"0":{"loc":{"start":{"line":21,"column":9},"end":{"line":21,"column":77}},"type":"cond-expr","locations":[{"start":{"line":21,"column":42},"end":{"line":21,"column":64}},{"start":{"line":21,"column":67},"end":{"line":21,"column":77}}],"line":21},"1":{"loc":{"start":{"line":35,"column":38},"end":{"line":35,"column":52}},"type":"default-arg","locations":[{"start":{"line":35,"column":47},"end":{"line":35,"column":52}}],"line":35},"2":{"loc":{"start":{"line":40,"column":2},"end":{"line":42,"column":3}},"type":"if","locations":[{"start":{"line":40,"column":2},"end":{"line":42,"column":3}},{"start":{},"end":{}}],"line":40},"3":{"loc":{"start":{"line":40,"column":6},"end":{"line":40,"column":26}},"type":"binary-expr","locations":[{"start":{"line":40,"column":6},"end":{"line":40,"column":12}},{"start":{"line":40,"column":16},"end":{"line":40,"column":26}}],"line":40}},"s":{"0":4,"1":4,"2":4,"3":15,"4":15,"5":5,"6":5,"7":8,"8":1,"9":3,"10":3,"11":2,"12":3,"13":1,"14":2,"15":1,"16":1,"17":4,"18":4,"19":4,"20":4,"21":4,"22":4},"f":{"0":15,"1":5,"2":8,"3":1,"4":3,"5":2,"6":1,"7":1},"b":{"0":[4,1],"1":[0],"2":[1,2],"3":[3,2]},"_coverageSchema":"1a1c01bbd47fc00a2c39e90264f33305004495a9","hash":"7a452f17e0849839c96fcd86e628d0a9d2219098"}
,"E:\\College\\SEMESTER 6\\CCP555\\Assignment 1\\fragments-repo\\src\\model\\data\\memory\\memory-db.js": {"path":"E:\\College\\SEMESTER 6\\CCP555\\Assignment 1\\fragments-repo\\src\\model\\data\\memory\\memory-db.js","statementMap":{"0":{"start":{"line":1,"column":20},"end":{"line":1,"column":52}},"1":{"start":{"line":1,"column":29},"end":{"line":1,"column":52}},"2":{"start":{"line":6,"column":4},"end":{"line":6,"column":17}},"3":{"start":{"line":16,"column":4},"end":{"line":20,"column":5}},"4":{"start":{"line":17,"column":6},"end":{"line":19,"column":8}},"5":{"start":{"line":22,"column":15},"end":{"line":22,"column":22}},"6":{"start":{"line":23,"column":18},"end":{"line":23,"column":64}},"7":{"start":{"line":24,"column":4},"end":{"line":24,"column":34}},"8":{"start":{"line":34,"column":4},"end":{"line":38,"column":5}},"9":{"start":{"line":35,"column":6},"end":{"line":37,"column":8}},"10":{"start":{"line":40,"column":15},"end":{"line":40,"column":22}},"11":{"start":{"line":42,"column":4},"end":{"line":42,"column":42}},"12":{"start":{"line":44,"column":4},"end":{"line":44,"column":41}},"13":{"start":{"line":45,"column":4},"end":{"line":45,"column":29}},"14":{"start":{"line":55,"column":4},"end":{"line":57,"column":5}},"15":{"start":{"line":56,"column":6},"end":{"line":56,"column":85}},"16":{"start":{"line":60,"column":15},"end":{"line":60,"column":22}},"17":{"start":{"line":61,"column":19},"end":{"line":61,"column":70}},"18":{"start":{"line":62,"column":4},"end":{"line":62,"column":35}},"19":{"start":{"line":72,"column":4},"end":{"line":76,"column":5}},"20":{"start":{"line":73,"column":6},"end":{"line":75,"column":8}},"21":{"start":{"line":79,"column":4},"end":{"line":83,"column":5}},"22":{"start":{"line":80,"column":6},"end":{"line":82,"column":8}},"23":{"start":{"line":85,"column":15},"end":{"line":85,"column":22}},"24":{"start":{"line":86,"column":4},"end":{"line":86,"column":40}},"25":{"start":{"line":87,"column":4},"end":{"line":87,"column":29}},"26":{"start":{"line":91,"column":0},"end":{"line":91,"column":26}}},"fnMap":{"0":{"name":"(anonymous_0)","decl":{"start":{"line":1,"column":20},"end":{"line":1,"column":21}},"loc":{"start":{"line":1,"column":29},"end":{"line":1,"column":52}},"line":1},"1":{"name":"(anonymous_1)","decl":{"start":{"line":4,"column":2},"end":{"line":4,"column":3}},"loc":{"start":{"line":4,"column":16},"end":{"line":7,"column":3}},"line":4},"2":{"name":"(anonymous_2)","decl":{"start":{"line":15,"column":2},"end":{"line":15,"column":3}},"loc":{"start":{"line":15,"column":32},"end":{"line":25,"column":3}},"line":15},"3":{"name":"(anonymous_3)","decl":{"start":{"line":33,"column":2},"end":{"line":33,"column":3}},"loc":{"start":{"line":33,"column":39},"end":{"line":46,"column":3}},"line":33},"4":{"name":"(anonymous_4)","decl":{"start":{"line":54,"column":2},"end":{"line":54,"column":3}},"loc":{"start":{"line":54,"column":20},"end":{"line":63,"column":3}},"line":54},"5":{"name":"(anonymous_5)","decl":{"start":{"line":71,"column":2},"end":{"line":71,"column":3}},"loc":{"start":{"line":71,"column":38},"end":{"line":88,"column":3}},"line":71}},"branchMap":{"0":{"loc":{"start":{"line":16,"column":4},"end":{"line":20,"column":5}},"type":"if","locations":[{"start":{"line":16,"column":4},"end":{"line":20,"column":5}},{"start":{},"end":{}}],"line":16},"1":{"loc":{"start":{"line":16,"column":10},"end":{"line":16,"column":62}},"type":"binary-expr","locations":[{"start":{"line":16,"column":10},"end":{"line":16,"column":33}},{"start":{"line":16,"column":37},"end":{"line":16,"column":62}}],"line":16},"2":{"loc":{"start":{"line":23,"column":18},"end":{"line":23,"column":64}},"type":"binary-expr","locations":[{"start":{"line":23,"column":18},"end":{"line":23,"column":32}},{"start":{"line":23,"column":36},"end":{"line":23,"column":64}}],"line":23},"3":{"loc":{"start":{"line":34,"column":4},"end":{"line":38,"column":5}},"type":"if","locations":[{"start":{"line":34,"column":4},"end":{"line":38,"column":5}},{"start":{},"end":{}}],"line":34},"4":{"loc":{"start":{"line":34,"column":10},"end":{"line":34,"column":62}},"type":"binary-expr","locations":[{"start":{"line":34,"column":10},"end":{"line":34,"column":33}},{"start":{"line":34,"column":37},"end":{"line":34,"column":62}}],"line":34},"5":{"loc":{"start":{"line":42,"column":21},"end":{"line":42,"column":41}},"type":"binary-expr","locations":[{"start":{"line":42,"column":21},"end":{"line":42,"column":35}},{"start":{"line":42,"column":39},"end":{"line":42,"column":41}}],"line":42},"6":{"loc":{"start":{"line":55,"column":4},"end":{"line":57,"column":5}},"type":"if","locations":[{"start":{"line":55,"column":4},"end":{"line":57,"column":5}},{"start":{},"end":{}}],"line":55},"7":{"loc":{"start":{"line":61,"column":19},"end":{"line":61,"column":70}},"type":"cond-expr","locations":[{"start":{"line":61,"column":36},"end":{"line":61,"column":65}},{"start":{"line":61,"column":68},"end":{"line":61,"column":70}}],"line":61},"8":{"loc":{"start":{"line":72,"column":4},"end":{"line":76,"column":5}},"type":"if","locations":[{"start":{"line":72,"column":4},"end":{"line":76,"column":5}},{"start":{},"end":{}}],"line":72},"9":{"loc":{"start":{"line":72,"column":10},"end":{"line":72,"column":62}},"type":"binary-expr","locations":[{"start":{"line":72,"column":10},"end":{"line":72,"column":33}},{"start":{"line":72,"column":37},"end":{"line":72,"column":62}}],"line":72},"10":{"loc":{"start":{"line":79,"column":4},"end":{"line":83,"column":5}},"type":"if","locations":[{"start":{"line":79,"column":4},"end":{"line":83,"column":5}},{"start":{},"end":{}}],"line":79}},"s":{"0":5,"1":122,"2":20,"3":18,"4":3,"5":15,"6":15,"7":15,"8":37,"9":3,"10":34,"11":34,"12":34,"13":34,"14":7,"15":2,"16":5,"17":5,"18":5,"19":7,"20":3,"21":4,"22":1,"23":3,"24":3,"25":3,"26":5},"f":{"0":122,"1":20,"2":18,"3":37,"4":7,"5":7},"b":{"0":[3,15],"1":[18,15],"2":[15,14],"3":[3,34],"4":[37,34],"5":[34,17],"6":[2,5],"7":[3,2],"8":[3,4],"9":[7,4],"10":[1,3]},"_coverageSchema":"1a1c01bbd47fc00a2c39e90264f33305004495a9","hash":"1ac48a59f24d985c249683aeb24d3836db05a980"}
,"E:\\College\\SEMESTER 6\\CCP555\\Assignment 1\\fragments-repo\\src\\routes\\index.js": {"path":"E:\\College\\SEMESTER 6\\CCP555\\Assignment 1\\fragments-repo\\src\\routes\\index.js","statementMap":{"0":{"start":{"line":1,"column":16},"end":{"line":1,"column":34}},"1":{"start":{"line":2,"column":15},"end":{"line":2,"column":31}},"2":{"start":{"line":3,"column":25},"end":{"line":3,"column":43}},"3":{"start":{"line":5,"column":0},"end":{"line":5,"column":52}},"4":{"start":{"line":7,"column":0},"end":{"line":7,"column":24}}},"fnMap":{},"branchMap":{},"s":{"0":3,"1":3,"2":3,"3":3,"4":3},"f":{},"b":{},"_coverageSchema":"1a1c01bbd47fc00a2c39e90264f33305004495a9","hash":"e272495a57a80e778c2728c6236beb0b38e5ae89"}
,"E:\\College\\SEMESTER 6\\CCP555\\Assignment 1\\fragments-repo\\src\\routes\\api\\get.js": {"path":"E:\\College\\SEMESTER 6\\CCP555\\Assignment 1\\fragments-repo\\src\\routes\\api\\get.js","statementMap":{"0":{"start":{"line":1,"column":0},"end":{"line":6,"column":2}},"1":{"start":{"line":2,"column":2},"end":{"line":5,"column":5}}},"fnMap":{"0":{"name":"(anonymous_0)","decl":{"start":{"line":1,"column":17},"end":{"line":1,"column":18}},"loc":{"start":{"line":1,"column":31},"end":{"line":6,"column":1}},"line":1}},"branchMap":{},"s":{"0":3,"1":1},"f":{"0":1},"b":{},"_coverageSchema":"1a1c01bbd47fc00a2c39e90264f33305004495a9","hash":"aac20ff193eb55eabf633f1c86fc38f7f431546e"}
,"E:\\College\\SEMESTER 6\\CCP555\\Assignment 1\\fragments-repo\\src\\routes\\api\\index.js": {"path":"E:\\College\\SEMESTER 6\\CCP555\\Assignment 1\\fragments-repo\\src\\routes\\api\\index.js","statementMap":{"0":{"start":{"line":1,"column":16},"end":{"line":1,"column":34}},"1":{"start":{"line":2,"column":15},"end":{"line":2,"column":31}},"2":{"start":{"line":3,"column":21},"end":{"line":3,"column":52}},"3":{"start":{"line":6,"column":16},"end":{"line":18,"column":4}},"4":{"start":{"line":7,"column":2},"end":{"line":18,"column":4}},"5":{"start":{"line":11,"column":6},"end":{"line":16,"column":7}},"6":{"start":{"line":12,"column":25},"end":{"line":12,"column":59}},"7":{"start":{"line":13,"column":8},"end":{"line":13,"column":46}},"8":{"start":{"line":15,"column":8},"end":{"line":15,"column":21}},"9":{"start":{"line":21,"column":0},"end":{"line":21,"column":43}},"10":{"start":{"line":24,"column":0},"end":{"line":24,"column":56}},"11":{"start":{"line":26,"column":0},"end":{"line":26,"column":24}}},"fnMap":{"0":{"name":"(anonymous_0)","decl":{"start":{"line":6,"column":16},"end":{"line":6,"column":17}},"loc":{"start":{"line":7,"column":2},"end":{"line":18,"column":4}},"line":7},"1":{"name":"(anonymous_1)","decl":{"start":{"line":10,"column":10},"end":{"line":10,"column":11}},"loc":{"start":{"line":10,"column":19},"end":{"line":17,"column":5}},"line":10}},"branchMap":{},"s":{"0":3,"1":3,"2":3,"3":3,"4":3,"5":2,"6":2,"7":2,"8":0,"9":3,"10":3,"11":3},"f":{"0":3,"1":2},"b":{},"_coverageSchema":"1a1c01bbd47fc00a2c39e90264f33305004495a9","hash":"9d87be427d24687bbc2d15ed1c765fc5ec9cd62b"}
,"E:\\College\\SEMESTER 6\\CCP555\\Assignment 1\\fragments-repo\\src\\routes\\api\\post.js": {"path":"E:\\College\\SEMESTER 6\\CCP555\\Assignment 1\\fragments-repo\\src\\routes\\api\\post.js","statementMap":{"0":{"start":{"line":1,"column":21},"end":{"line":1,"column":52}},"1":{"start":{"line":2,"column":20},"end":{"line":2,"column":43}},"2":{"start":{"line":3,"column":55},"end":{"line":3,"column":80}},"3":{"start":{"line":5,"column":0},"end":{"line":37,"column":2}},"4":{"start":{"line":6,"column":2},"end":{"line":36,"column":3}},"5":{"start":{"line":8,"column":21},"end":{"line":8,"column":43}},"6":{"start":{"line":9,"column":4},"end":{"line":11,"column":5}},"7":{"start":{"line":10,"column":6},"end":{"line":10,"column":88}},"8":{"start":{"line":14,"column":4},"end":{"line":16,"column":5}},"9":{"start":{"line":15,"column":6},"end":{"line":15,"column":96}},"10":{"start":{"line":19,"column":21},"end":{"line":23,"column":6}},"11":{"start":{"line":25,"column":4},"end":{"line":25,"column":37}},"12":{"start":{"line":28,"column":17},"end":{"line":28,"column":68}},"13":{"start":{"line":29,"column":21},"end":{"line":29,"column":66}},"14":{"start":{"line":31,"column":4},"end":{"line":31,"column":45}},"15":{"start":{"line":32,"column":4},"end":{"line":32,"column":69}},"16":{"start":{"line":34,"column":4},"end":{"line":34,"column":60}},"17":{"start":{"line":35,"column":4},"end":{"line":35,"column":83}}},"fnMap":{"0":{"name":"(anonymous_0)","decl":{"start":{"line":5,"column":17},"end":{"line":5,"column":18}},"loc":{"start":{"line":5,"column":37},"end":{"line":37,"column":1}},"line":5}},"branchMap":{"0":{"loc":{"start":{"line":9,"column":4},"end":{"line":11,"column":5}},"type":"if","locations":[{"start":{"line":9,"column":4},"end":{"line":11,"column":5}},{"start":{},"end":{}}],"line":9},"1":{"loc":{"start":{"line":14,"column":4},"end":{"line":16,"column":5}},"type":"if","locations":[{"start":{"line":14,"column":4},"end":{"line":16,"column":5}},{"start":{},"end":{}}],"line":14},"2":{"loc":{"start":{"line":28,"column":17},"end":{"line":28,"column":68}},"type":"binary-expr","locations":[{"start":{"line":28,"column":17},"end":{"line":28,"column":36}},{"start":{"line":28,"column":40},"end":{"line":28,"column":68}}],"line":28}},"s":{"0":3,"1":3,"2":3,"3":3,"4":2,"5":2,"6":2,"7":1,"8":1,"9":0,"10":1,"11":1,"12":1,"13":1,"14":1,"15":1,"16":0,"17":0},"f":{"0":2},"b":{"0":[1,1],"1":[0,1],"2":[1,1]},"_coverageSchema":"1a1c01bbd47fc00a2c39e90264f33305004495a9","hash":"46a454333087c1389fdf9c7b4d4a464d225f70a7"}
}
