TN:
SF:src\app.js
FN:6,(anonymous_0)
FN:11,(anonymous_1)
FNF:2
FNH:2
FNDA:10,(anonymous_0)
FNDA:4,(anonymous_1)
DA:1,3
DA:2,3
DA:3,3
DA:4,3
DA:6,3
DA:7,10
DA:8,10
DA:11,3
DA:12,4
DA:21,3
DA:23,3
LF:11
LH:11
BRF:0
BRH:0
end_of_record
TN:
SF:src\hash.js
FN:22,(anonymous_0)
FNF:1
FNH:1
FNDA:3,(anonymous_0)
DA:16,1
DA:22,3
LF:2
LH:2
BRF:0
BRH:0
end_of_record
TN:
SF:src\logger.js
FNF:0
FNH:0
DA:1,3
DA:2,3
DA:12,3
LF:3
LH:3
BRDA:3,0,0,3
BRDA:3,0,1,0
BRF:2
BRH:1
end_of_record
TN:
SF:src\response.js
FN:3,(anonymous_0)
FN:10,(anonymous_1)
FNF:2
FNH:2
FNDA:3,(anonymous_0)
FNDA:2,(anonymous_1)
DA:3,4
DA:4,3
DA:10,4
DA:11,2
LF:4
LH:4
BRDA:3,0,0,1
BRF:1
BRH:1
end_of_record
TN:
SF:src\auth\basic-auth.js
FN:38,(anonymous_0)
FN:40,(anonymous_1)
FN:41,(anonymous_2)
FN:42,(anonymous_3)
FNF:4
FNH:3
FNDA:0,(anonymous_0)
FNDA:3,(anonymous_1)
FNDA:6,(anonymous_2)
FNDA:6,(anonymous_3)
DA:3,3
DA:4,3
DA:5,3
DA:6,3
DA:7,3
DA:9,3
DA:10,0
DA:14,3
DA:15,0
DA:19,3
DA:20,3
DA:24,3
DA:25,3
DA:32,3
DA:34,0
DA:35,0
DA:38,3
DA:40,3
DA:41,3
DA:42,6
DA:43,6
DA:44,0
DA:45,0
DA:47,6
DA:48,3
DA:49,3
DA:51,3
DA:52,3
LF:28
LH:22
BRDA:9,0,0,0
BRDA:9,0,1,3
BRDA:14,1,0,0
BRDA:14,1,1,3
BRDA:43,2,0,0
BRDA:43,2,1,6
BRDA:47,3,0,3
BRDA:47,3,1,3
BRF:8
BRH:5
end_of_record
TN:
SF:src\auth\index.js
FNF:0
FNH:0
DA:3,3
DA:8,0
DA:13,3
DA:14,0
DA:15,3
DA:16,3
DA:18,0
LF:7
LH:4
BRDA:3,0,0,0
BRDA:3,0,1,3
BRDA:4,1,0,3
BRDA:4,1,1,0
BRDA:4,1,2,0
BRDA:13,2,0,0
BRDA:13,2,1,3
BRDA:13,3,0,3
BRDA:13,3,1,0
BRDA:15,4,0,3
BRDA:15,4,1,0
BRDA:15,5,0,3
BRDA:15,5,1,3
BRF:13
BRH:7
end_of_record
TN:
SF:src\model\fragment.js
FN:28,(anonymous_0)
FN:44,(anonymous_1)
FN:53,(anonymous_2)
FN:57,(anonymous_3)
FN:61,(anonymous_4)
FN:78,(anonymous_5)
FN:80,(anonymous_6)
FN:83,(anonymous_7)
FN:92,(anonymous_8)
FN:96,(anonymous_9)
FN:101,(anonymous_10)
FN:105,(anonymous_11)
FNF:12
FNH:12
FNDA:33,(anonymous_0)
FNDA:41,(anonymous_1)
FNDA:4,(anonymous_2)
FNDA:1,(anonymous_3)
FNDA:1,(anonymous_4)
FNDA:3,(anonymous_5)
FNDA:1,(anonymous_6)
FNDA:5,(anonymous_7)
FNDA:1,(anonymous_8)
FNDA:7,(anonymous_9)
FNDA:1,(anonymous_10)
FNDA:9,(anonymous_11)
DA:1,4
DA:2,4
DA:11,4
DA:13,4
DA:29,33
DA:30,31
DA:31,30
DA:32,29
DA:33,28
DA:35,27
DA:36,27
DA:37,27
DA:38,27
DA:39,27
DA:40,27
DA:45,41
DA:46,41
DA:47,41
DA:49,0
DA:54,4
DA:58,1
DA:62,1
DA:75,1
DA:79,3
DA:80,3
DA:84,5
DA:85,5
DA:86,1
DA:88,4
DA:93,1
DA:97,7
DA:98,7
DA:102,1
DA:106,9
DA:107,1
DA:110,8
DA:111,8
DA:113,8
DA:114,8
DA:118,4
LF:40
LH:39
BRDA:28,0,0,27
BRDA:28,1,0,28
BRDA:28,2,0,28
BRDA:28,3,0,2
BRDA:29,4,0,2
BRDA:29,4,1,31
BRDA:30,5,0,1
BRDA:30,5,1,30
BRDA:31,6,0,1
BRDA:31,6,1,29
BRDA:32,7,0,1
BRDA:32,7,1,28
BRDA:33,8,0,1
BRDA:33,8,1,27
BRDA:75,9,0,1
BRDA:75,9,1,0
BRDA:78,10,0,2
BRDA:80,11,0,1
BRDA:80,11,1,2
BRDA:85,12,0,1
BRDA:85,12,1,4
BRDA:106,13,0,1
BRDA:106,13,1,8
BRF:23
BRH:22
end_of_record
TN:
SF:src\model\data\index.js
FNF:0
FNH:0
DA:2,4
LF:1
LH:1
BRF:0
BRH:0
end_of_record
TN:
SF:src\model\data\memory\index.js
FN:8,writeFragment
FN:16,readFragment
FN:25,writeFragmentData
FN:30,readFragmentData
FN:35,listFragments
FN:37,(anonymous_5)
FN:45,(anonymous_6)
FN:49,deleteFragment
FNF:8
FNH:8
FNDA:15,writeFragment
FNDA:5,readFragment
FNDA:8,writeFragmentData
FNDA:1,readFragmentData
FNDA:3,listFragments
FNDA:2,(anonymous_5)
FNDA:1,(anonymous_6)
FNDA:1,deleteFragment
DA:1,4
DA:4,4
DA:5,4
DA:11,15
DA:12,15
DA:20,5
DA:21,5
DA:26,8
DA:31,1
DA:36,3
DA:37,3
DA:40,3
DA:41,1
DA:45,2
DA:50,1
DA:58,4
DA:59,4
DA:60,4
DA:61,4
DA:62,4
DA:63,4
LF:21
LH:21
BRDA:21,0,0,4
BRDA:21,0,1,1
BRDA:35,1,0,0
BRDA:40,2,0,1
BRDA:40,2,1,2
BRDA:40,3,0,3
BRDA:40,3,1,2
BRF:7
BRH:6
end_of_record
TN:
SF:src\model\data\memory\memory-db.js
FN:1,(anonymous_0)
FN:4,(anonymous_1)
FN:15,(anonymous_2)
FN:33,(anonymous_3)
FN:54,(anonymous_4)
FN:71,(anonymous_5)
FNF:6
FNH:6
FNDA:122,(anonymous_0)
FNDA:20,(anonymous_1)
FNDA:18,(anonymous_2)
FNDA:37,(anonymous_3)
FNDA:7,(anonymous_4)
FNDA:7,(anonymous_5)
DA:1,122
DA:6,20
DA:16,18
DA:17,3
DA:22,15
DA:23,15
DA:24,15
DA:34,37
DA:35,3
DA:40,34
DA:42,34
DA:44,34
DA:45,34
DA:55,7
DA:56,2
DA:60,5
DA:61,5
DA:62,5
DA:72,7
DA:73,3
DA:79,4
DA:80,1
DA:85,3
DA:86,3
DA:87,3
DA:91,5
LF:26
LH:26
BRDA:16,0,0,3
BRDA:16,0,1,15
BRDA:16,1,0,18
BRDA:16,1,1,15
BRDA:23,2,0,15
BRDA:23,2,1,14
BRDA:34,3,0,3
BRDA:34,3,1,34
BRDA:34,4,0,37
BRDA:34,4,1,34
BRDA:42,5,0,34
BRDA:42,5,1,17
BRDA:55,6,0,2
BRDA:55,6,1,5
BRDA:61,7,0,3
BRDA:61,7,1,2
BRDA:72,8,0,3
BRDA:72,8,1,4
BRDA:72,9,0,7
BRDA:72,9,1,4
BRDA:79,10,0,1
BRDA:79,10,1,3
BRF:22
BRH:22
end_of_record
TN:
SF:src\routes\index.js
FNF:0
FNH:0
DA:1,3
DA:2,3
DA:3,3
DA:5,3
DA:7,3
LF:5
LH:5
BRF:0
BRH:0
end_of_record
TN:
SF:src\routes\api\get.js
FN:1,(anonymous_0)
FNF:1
FNH:1
FNDA:1,(anonymous_0)
DA:1,3
DA:2,1
LF:2
LH:2
BRF:0
BRH:0
end_of_record
TN:
SF:src\routes\api\index.js
FN:6,(anonymous_0)
FN:10,(anonymous_1)
FNF:2
FNH:2
FNDA:3,(anonymous_0)
FNDA:2,(anonymous_1)
DA:1,3
DA:2,3
DA:3,3
DA:6,3
DA:7,3
DA:11,2
DA:12,2
DA:13,2
DA:15,0
DA:21,3
DA:24,3
DA:26,3
LF:12
LH:11
BRF:0
BRH:0
end_of_record
TN:
SF:src\routes\api\post.js
FN:5,(anonymous_0)
FNF:1
FNH:1
FNDA:2,(anonymous_0)
DA:1,3
DA:2,3
DA:3,3
DA:5,3
DA:6,2
DA:8,2
DA:9,2
DA:10,1
DA:14,1
DA:15,0
DA:19,1
DA:25,1
DA:28,1
DA:29,1
DA:31,1
DA:32,1
DA:34,0
DA:35,0
LF:18
LH:15
BRDA:9,0,0,1
BRDA:9,0,1,1
BRDA:14,1,0,0
BRDA:14,1,1,1
BRDA:28,2,0,1
BRDA:28,2,1,1
BRF:6
BRH:5
end_of_record
